#
# A fatal error has been detected by the Java Runtime Environment:
#
#  EXCEPTION_ACCESS_VIOLATION (0xc0000005) at pc=0x00007ff953e1ddfd, pid=9796, tid=17908
#
# JRE version: OpenJDK Runtime Environment Temurin-11.0.13+8 (11.0.13+8) (build 11.0.13+8)
# Java VM: OpenJDK 64-Bit Server VM Temurin-11.0.13+8 (11.0.13+8, mixed mode, tiered, compressed oops, g1 gc, windows-amd64)
# Problematic frame:
# C  [lwjgl_opengl.dll+0xddfd]
#
# No core dump will be written. Minidumps are not enabled by default on client versions of Windows
#
# If you would like to submit a bug report, please visit:
#   https://github.com/adoptium/adoptium-support/issues
# The crash happened outside the Java Virtual Machine in native code.
# See problematic frame for where to report the bug.
#

---------------  S U M M A R Y ------------

Command Line: -Dsodbeans=1 C:\Users\Bill\Documents\Repositories\example-games\BlockBreaker/Run/Default.jar

Host: AMD Ryzen 5 3600 6-Core Processor              , 12 cores, 15G,  Windows 10 , 64 bit Build 19041 (10.0.19041.3031)
Time: Tue Jun 27 16:40:22 2023 Pacific Daylight Time elapsed time: 0.578899 seconds (0d 0h 0m 0s)

---------------  T H R E A D  ---------------

Current thread (0x0000020d0b5c9000):  JavaThread "main" [_thread_in_native, id=17908, stack(0x000000ab38000000,0x000000ab38100000)]

Stack: [0x000000ab38000000,0x000000ab38100000],  sp=0x000000ab380fee18,  free space=1019k
Native frames: (J=compiled Java code, j=interpreted, Vv=VM code, C=native code)
C  [lwjgl_opengl.dll+0xddfd]

Java frames: (J=compiled Java code, j=interpreted, Vv=VM code)
j  org.lwjgl.opengl.GL15C.nglGenBuffers(IJ)V+0
j  org.lwjgl.opengl.GL15C.glGenBuffers()I+20
j  org.lwjgl.opengl.GL15.glGenBuffers()I+0
j  plugins.quorum.Libraries.Game.Graphics.DesktopGraphics.glGenBuffer()I+0
j  plugins.quorum.Libraries.Game.Graphics.DesktopGraphics.CreateBuffer()I+1
j  quorum.Libraries.Game.Graphics.DesktopGraphics.CreateBuffer()I+4
j  quorum.Libraries.Game.Graphics.VertexBufferObject.Load(ZILquorum/Libraries/Game/Graphics/VertexAttributes_;)V+16
j  quorum.Libraries.Game.Graphics.Mesh.MakeVertexBuffer(ZILquorum/Libraries/Game/Graphics/VertexAttributes_;)Lquorum/Libraries/Game/Graphics/VertexData_;+14
j  quorum.Libraries.Game.Graphics.Mesh.Load(ZIILquorum/Libraries/Game/Graphics/VertexAttributes_;)V+9
j  quorum.Libraries.Game.Graphics.Painter2D.LoadDefaultPainter()V+22
j  quorum.Libraries.Game.Graphics.Painter2D.constructor_()V+34
j  quorum.Libraries.Game.Graphics.Painter2D.<init>()V+298
j  quorum.Libraries.Game.Layer2D.<init>(Lquorum/Libraries/Game/Layer2D_;)V+107
j  quorum.LevelDisplayLayer.<init>()V+27
j  quorum.Main.<init>()V+115
j  quorum.Main.main([Ljava/lang/String;)V+8
v  ~StubRoutines::call_stub

siginfo: EXCEPTION_ACCESS_VIOLATION (0xc0000005), reading address 0x0000000000000d98


Register to memory mapping:

RIP=0x00007ff953e1ddfd lwjgl_opengl.dll
RAX=0x0000020d3121cde0 points into unknown readable memory: 0x0000000000000000 | 00 00 00 00 00 00 00 00
RBX={method} {0x0000020d31aeeb98} 'nglGenBuffers' '(IJ)V' in 'org/lwjgl/opengl/GL15C'
RCX=0x0000000000000001 is an unknown value
RDX=0x0000020d3132d0bc points into unknown readable memory: 00 00 00 00
RSP=0x000000ab380fee18 is pointing into the stack for thread: 0x0000020d0b5c9000
RBP=0x000000ab380feea0 is pointing into the stack for thread: 0x0000020d0b5c9000
RSI=0x0000020d31acb950 is pointing into metadata
RDI=0x0000020d13d2a527 is at code_begin+2343 in an Interpreter codelet
invoke return entry points  [0x0000020d13d29c00, 0x0000020d13d2a600]  2560 bytes
R8 =0x0000000000000001 is an unknown value
R9 =0x0000020d3132d0bc points into unknown readable memory: 00 00 00 00
R10=0x0 is NULL
R11=0x000000070fb351f0 is an oop: java.lang.Class 
{0x000000070fb351f0} - klass: 'java/lang/Class'
R12=0x0 is NULL
R13={method} {0x0000020d31aeeb98} 'nglGenBuffers' '(IJ)V' in 'org/lwjgl/opengl/GL15C'
R14=0x000000ab380feed0 is pointing into the stack for thread: 0x0000020d0b5c9000
R15=0x0000020d0b5c9000 is a thread


Registers:
RAX=0x0000020d3121cde0, RBX=0x0000020d31aeeb90, RCX=0x0000000000000001, RDX=0x0000020d3132d0bc
RSP=0x000000ab380fee18, RBP=0x000000ab380feea0, RSI=0x0000020d31acb950, RDI=0x0000020d13d2a527
R8 =0x0000000000000001, R9 =0x0000020d3132d0bc, R10=0x0000000000000000, R11=0x000000070fb351f0
R12=0x0000000000000000, R13=0x0000020d31aeeb90, R14=0x000000ab380feed0, R15=0x0000020d0b5c9000
RIP=0x00007ff953e1ddfd, EFLAGS=0x0000000000010206

Top of Stack: (sp=0x000000ab380fee18)
0x000000ab380fee18:   0000020d13d2f777 0000020d13d2a527
0x000000ab380fee28:   0000020d13d2f472 0000020d31aeeb90
0x000000ab380fee38:   000000ab380feea0 0000020d31acb950
0x000000ab380fee48:   0000020d13d2a010 0000020d13d2f416
0x000000ab380fee58:   000000ab380fee58 0000020d31aeeb90
0x000000ab380fee68:   000000ab380feed0 0000020d31b0c200
0x000000ab380fee78:   0000000000000000 000000070fb351f0
0x000000ab380fee88:   0000020d31aeeb90 0000000000000000
0x000000ab380fee98:   000000ab380feec0 000000ab380fef20
0x000000ab380feea8:   0000020d13d2a527 000000070fb351f0
0x000000ab380feeb8:   0000020d13d2c6f8 0000020d3132d0bc
0x000000ab380feec8:   0000000000000000 0000000000000001
0x000000ab380feed8:   000000ab380feed8 0000020d31aeed14
0x000000ab380feee8:   000000ab380fef50 0000020d31b0c200
0x000000ab380feef8:   0000000000000000 000000070fb351f0
0x000000ab380fef08:   0000020d31aeed80 000000ab380feec0 

Instructions: (pc=0x00007ff953e1ddfd)
0x00007ff953e1dcfd:   cc cc cc 48 8b 01 0f 28 cb 41 8b c8 48 8b 50 18
0x00007ff953e1dd0d:   48 ff a2 58 0c 00 00 cc cc cc cc cc cc cc cc cc
0x00007ff953e1dd1d:   cc cc cc 48 8b 01 41 8b d1 41 8b c8 4c 8b 50 18
0x00007ff953e1dd2d:   49 ff a2 60 0c 00 00 cc cc cc cc cc cc cc cc cc
0x00007ff953e1dd3d:   cc cc cc 48 8b 01 49 8b d1 41 8b c8 4c 8b 50 18
0x00007ff953e1dd4d:   49 ff a2 68 0c 00 00 cc cc cc cc cc cc cc cc cc
0x00007ff953e1dd5d:   cc cc cc 48 8b 01 49 8b d1 41 8b c8 4c 8b 50 18
0x00007ff953e1dd6d:   49 ff a2 70 0c 00 00 cc cc cc cc cc cc cc cc cc
0x00007ff953e1dd7d:   cc cc cc 40 53 48 8b 01 41 8b d8 44 8b 44 24 30
0x00007ff953e1dd8d:   41 8b d1 44 8b 4c 24 38 8b cb 4c 8b 50 18 5b 49
0x00007ff953e1dd9d:   ff a2 00 0d 00 00 cc cc cc cc cc cc cc cc cc cc
0x00007ff953e1ddad:   cc cc cc 48 8b 01 41 8b d1 41 8b c8 4c 8b 50 18
0x00007ff953e1ddbd:   49 ff a2 88 0d 00 00 cc cc cc cc cc cc cc cc cc
0x00007ff953e1ddcd:   cc cc cc 48 8b 01 49 8b d1 41 8b c8 4c 8b 50 18
0x00007ff953e1dddd:   49 ff a2 90 0d 00 00 cc cc cc cc cc cc cc cc cc
0x00007ff953e1dded:   cc cc cc 48 8b 01 49 8b d1 41 8b c8 4c 8b 50 18
0x00007ff953e1ddfd:   49 ff a2 98 0d 00 00 cc cc cc cc cc cc cc cc cc
0x00007ff953e1de0d:   cc cc cc 48 8b 01 48 8b 48 18 48 8b 81 a0 0d 00
0x00007ff953e1de1d:   00 41 8b c8 48 ff e0 cc cc cc cc cc cc cc cc cc
0x00007ff953e1de2d:   cc cc cc 40 53 48 8b 01 41 8b d8 4c 8b 44 24 30
0x00007ff953e1de3d:   49 8b d1 44 8b 4c 24 38 8b cb 4c 8b 50 18 5b 49
0x00007ff953e1de4d:   ff a2 a8 0d 00 00 cc cc cc cc cc cc cc cc cc cc
0x00007ff953e1de5d:   cc cc cc 40 53 48 8b 01 41 8b d8 4c 8b 44 24 30
0x00007ff953e1de6d:   49 8b d1 4c 8b 4c 24 38 8b cb 4c 8b 50 18 5b 49
0x00007ff953e1de7d:   ff a2 b0 0d 00 00 cc cc cc cc cc cc cc cc cc cc
0x00007ff953e1de8d:   cc cc cc 40 53 48 8b 01 41 8b d8 4c 8b 44 24 30
0x00007ff953e1de9d:   49 8b d1 4c 8b 4c 24 38 8b cb 4c 8b 50 18 5b 49
0x00007ff953e1dead:   ff a2 b8 0d 00 00 cc cc cc cc cc cc cc cc cc cc
0x00007ff953e1debd:   cc cc cc 48 8b 01 41 8b d1 48 8b 48 18 48 8b 81
0x00007ff953e1decd:   c0 0d 00 00 41 8b c8 48 ff e0 cc cc cc cc cc cc
0x00007ff953e1dedd:   cc cc cc 48 8b 01 48 8b 48 18 48 8b 81 c8 0d 00
0x00007ff953e1deed:   00 41 8b c8 48 ff e0 cc cc cc cc cc cc cc cc cc 


Stack slot to memory mapping:
stack at sp + 0 slots: 0x0000020d13d2f777 is at code_begin+1047 in an Interpreter codelet
method entry point (kind = native)  [0x0000020d13d2f360, 0x0000020d13d2fe00]  2720 bytes
stack at sp + 1 slots: 0x0000020d13d2a527 is at code_begin+2343 in an Interpreter codelet
invoke return entry points  [0x0000020d13d29c00, 0x0000020d13d2a600]  2560 bytes
stack at sp + 2 slots: 0x0000020d13d2f472 is at code_begin+274 in an Interpreter codelet
method entry point (kind = native)  [0x0000020d13d2f360, 0x0000020d13d2fe00]  2720 bytes
stack at sp + 3 slots: {method} {0x0000020d31aeeb98} 'nglGenBuffers' '(IJ)V' in 'org/lwjgl/opengl/GL15C'
stack at sp + 4 slots: 0x000000ab380feea0 is pointing into the stack for thread: 0x0000020d0b5c9000
stack at sp + 5 slots: 0x0000020d31acb950 is pointing into metadata
stack at sp + 6 slots: 0x0000020d13d2a010 is at code_begin+1040 in an Interpreter codelet
invoke return entry points  [0x0000020d13d29c00, 0x0000020d13d2a600]  2560 bytes
stack at sp + 7 slots: 0x0000020d13d2f416 is at code_begin+182 in an Interpreter codelet
method entry point (kind = native)  [0x0000020d13d2f360, 0x0000020d13d2fe00]  2720 bytes


---------------  P R O C E S S  ---------------

Threads class SMR info:
_java_thread_list=0x0000020d3098e630, length=10, elements={
0x0000020d0b5c9000, 0x0000020d307b4000, 0x0000020d307bd800, 0x0000020d307ae000,
0x0000020d307ae800, 0x0000020d307af800, 0x0000020d307c9000, 0x0000020d307cf800,
0x0000020d3083e800, 0x0000020d309d0800
}

Java Threads: ( => current thread )
=>0x0000020d0b5c9000 JavaThread "main" [_thread_in_native, id=17908, stack(0x000000ab38000000,0x000000ab38100000)]
  0x0000020d307b4000 JavaThread "Reference Handler" daemon [_thread_blocked, id=6772, stack(0x000000ab38700000,0x000000ab38800000)]
  0x0000020d307bd800 JavaThread "Finalizer" daemon [_thread_blocked, id=15156, stack(0x000000ab38800000,0x000000ab38900000)]
  0x0000020d307ae000 JavaThread "Signal Dispatcher" daemon [_thread_blocked, id=1308, stack(0x000000ab38900000,0x000000ab38a00000)]
  0x0000020d307ae800 JavaThread "Attach Listener" daemon [_thread_blocked, id=15956, stack(0x000000ab38a00000,0x000000ab38b00000)]
  0x0000020d307af800 JavaThread "Service Thread" daemon [_thread_blocked, id=5040, stack(0x000000ab38b00000,0x000000ab38c00000)]
  0x0000020d307c9000 JavaThread "C2 CompilerThread0" daemon [_thread_blocked, id=12928, stack(0x000000ab38c00000,0x000000ab38d00000)]
  0x0000020d307cf800 JavaThread "C1 CompilerThread0" daemon [_thread_blocked, id=10648, stack(0x000000ab38d00000,0x000000ab38e00000)]
  0x0000020d3083e800 JavaThread "Sweeper thread" daemon [_thread_blocked, id=17800, stack(0x000000ab38e00000,0x000000ab38f00000)]
  0x0000020d309d0800 JavaThread "Common-Cleaner" daemon [_thread_blocked, id=2132, stack(0x000000ab39000000,0x000000ab39100000)]

Other Threads:
  0x0000020d2fef9000 VMThread "VM Thread" [stack: 0x000000ab38600000,0x000000ab38700000] [id=17644]
  0x0000020d309cb800 WatcherThread [stack: 0x000000ab38f00000,0x000000ab39000000] [id=14948]
  0x0000020d0b5df800 GCTaskThread "GC Thread#0" [stack: 0x000000ab38100000,0x000000ab38200000] [id=6072]
  0x0000020d0b63d800 ConcurrentGCThread "G1 Main Marker" [stack: 0x000000ab38200000,0x000000ab38300000] [id=6964]
  0x0000020d0b640800 ConcurrentGCThread "G1 Conc#0" [stack: 0x000000ab38300000,0x000000ab38400000] [id=9116]
  0x0000020d2fdd6800 ConcurrentGCThread "G1 Refine#0" [stack: 0x000000ab38400000,0x000000ab38500000] [id=11436]
  0x0000020d2fdd8800 ConcurrentGCThread "G1 Young RemSet Sampling" [stack: 0x000000ab38500000,0x000000ab38600000] [id=16552]

Threads with active compile tasks:

VM state:not at safepoint (normal execution)

VM Mutex/Monitor currently owned by a thread: None

Heap address: 0x0000000701000000, size: 4080 MB, Compressed Oops mode: Zero based, Oop shift amount: 3
Narrow klass base: 0x0000000800000000, Narrow klass shift: 0
Compressed class space size: 1073741824 Address: 0x0000000800000000

Heap:
 garbage-first heap   total 262144K, used 19456K [0x0000000701000000, 0x0000000800000000)
  region size 1024K, 21 young (21504K), 0 survivors (0K)
 Metaspace       used 16260K, capacity 16449K, committed 16640K, reserved 1064960K
  class space    used 1156K, capacity 1232K, committed 1280K, reserved 1048576K
Heap Regions: E=young(eden), S=young(survivor), O=old, HS=humongous(starts), HC=humongous(continues), CS=collection set, F=free, A=archive, TAMS=top-at-mark-start (previous, next)
|   0|0x0000000701000000, 0x0000000701000000, 0x0000000701100000|  0%| F|  |TAMS 0x0000000701000000, 0x0000000701000000| Untracked 
|   1|0x0000000701100000, 0x0000000701100000, 0x0000000701200000|  0%| F|  |TAMS 0x0000000701100000, 0x0000000701100000| Untracked 
|   2|0x0000000701200000, 0x0000000701200000, 0x0000000701300000|  0%| F|  |TAMS 0x0000000701200000, 0x0000000701200000| Untracked 
|   3|0x0000000701300000, 0x0000000701300000, 0x0000000701400000|  0%| F|  |TAMS 0x0000000701300000, 0x0000000701300000| Untracked 
|   4|0x0000000701400000, 0x0000000701400000, 0x0000000701500000|  0%| F|  |TAMS 0x0000000701400000, 0x0000000701400000| Untracked 
|   5|0x0000000701500000, 0x0000000701500000, 0x0000000701600000|  0%| F|  |TAMS 0x0000000701500000, 0x0000000701500000| Untracked 
|   6|0x0000000701600000, 0x0000000701600000, 0x0000000701700000|  0%| F|  |TAMS 0x0000000701600000, 0x0000000701600000| Untracked 
|   7|0x0000000701700000, 0x0000000701700000, 0x0000000701800000|  0%| F|  |TAMS 0x0000000701700000, 0x0000000701700000| Untracked 
|   8|0x0000000701800000, 0x0000000701800000, 0x0000000701900000|  0%| F|  |TAMS 0x0000000701800000, 0x0000000701800000| Untracked 
|   9|0x0000000701900000, 0x0000000701900000, 0x0000000701a00000|  0%| F|  |TAMS 0x0000000701900000, 0x0000000701900000| Untracked 
|  10|0x0000000701a00000, 0x0000000701a00000, 0x0000000701b00000|  0%| F|  |TAMS 0x0000000701a00000, 0x0000000701a00000| Untracked 
|  11|0x0000000701b00000, 0x0000000701b00000, 0x0000000701c00000|  0%| F|  |TAMS 0x0000000701b00000, 0x0000000701b00000| Untracked 
|  12|0x0000000701c00000, 0x0000000701c00000, 0x0000000701d00000|  0%| F|  |TAMS 0x0000000701c00000, 0x0000000701c00000| Untracked 
|  13|0x0000000701d00000, 0x0000000701d00000, 0x0000000701e00000|  0%| F|  |TAMS 0x0000000701d00000, 0x0000000701d00000| Untracked 
|  14|0x0000000701e00000, 0x0000000701e00000, 0x0000000701f00000|  0%| F|  |TAMS 0x0000000701e00000, 0x0000000701e00000| Untracked 
|  15|0x0000000701f00000, 0x0000000701f00000, 0x0000000702000000|  0%| F|  |TAMS 0x0000000701f00000, 0x0000000701f00000| Untracked 
|  16|0x0000000702000000, 0x0000000702000000, 0x0000000702100000|  0%| F|  |TAMS 0x0000000702000000, 0x0000000702000000| Untracked 
|  17|0x0000000702100000, 0x0000000702100000, 0x0000000702200000|  0%| F|  |TAMS 0x0000000702100000, 0x0000000702100000| Untracked 
|  18|0x0000000702200000, 0x0000000702200000, 0x0000000702300000|  0%| F|  |TAMS 0x0000000702200000, 0x0000000702200000| Untracked 
|  19|0x0000000702300000, 0x0000000702300000, 0x0000000702400000|  0%| F|  |TAMS 0x0000000702300000, 0x0000000702300000| Untracked 
|  20|0x0000000702400000, 0x0000000702400000, 0x0000000702500000|  0%| F|  |TAMS 0x0000000702400000, 0x0000000702400000| Untracked 
|  21|0x0000000702500000, 0x0000000702500000, 0x0000000702600000|  0%| F|  |TAMS 0x0000000702500000, 0x0000000702500000| Untracked 
|  22|0x0000000702600000, 0x0000000702600000, 0x0000000702700000|  0%| F|  |TAMS 0x0000000702600000, 0x0000000702600000| Untracked 
|  23|0x0000000702700000, 0x0000000702700000, 0x0000000702800000|  0%| F|  |TAMS 0x0000000702700000, 0x0000000702700000| Untracked 
|  24|0x0000000702800000, 0x0000000702800000, 0x0000000702900000|  0%| F|  |TAMS 0x0000000702800000, 0x0000000702800000| Untracked 
|  25|0x0000000702900000, 0x0000000702900000, 0x0000000702a00000|  0%| F|  |TAMS 0x0000000702900000, 0x0000000702900000| Untracked 
|  26|0x0000000702a00000, 0x0000000702a00000, 0x0000000702b00000|  0%| F|  |TAMS 0x0000000702a00000, 0x0000000702a00000| Untracked 
|  27|0x0000000702b00000, 0x0000000702b00000, 0x0000000702c00000|  0%| F|  |TAMS 0x0000000702b00000, 0x0000000702b00000| Untracked 
|  28|0x0000000702c00000, 0x0000000702c00000, 0x0000000702d00000|  0%| F|  |TAMS 0x0000000702c00000, 0x0000000702c00000| Untracked 
|  29|0x0000000702d00000, 0x0000000702d00000, 0x0000000702e00000|  0%| F|  |TAMS 0x0000000702d00000, 0x0000000702d00000| Untracked 
|  30|0x0000000702e00000, 0x0000000702e00000, 0x0000000702f00000|  0%| F|  |TAMS 0x0000000702e00000, 0x0000000702e00000| Untracked 
|  31|0x0000000702f00000, 0x0000000702f00000, 0x0000000703000000|  0%| F|  |TAMS 0x0000000702f00000, 0x0000000702f00000| Untracked 
|  32|0x0000000703000000, 0x0000000703000000, 0x0000000703100000|  0%| F|  |TAMS 0x0000000703000000, 0x0000000703000000| Untracked 
|  33|0x0000000703100000, 0x0000000703100000, 0x0000000703200000|  0%| F|  |TAMS 0x0000000703100000, 0x0000000703100000| Untracked 
|  34|0x0000000703200000, 0x0000000703200000, 0x0000000703300000|  0%| F|  |TAMS 0x0000000703200000, 0x0000000703200000| Untracked 
|  35|0x0000000703300000, 0x0000000703300000, 0x0000000703400000|  0%| F|  |TAMS 0x0000000703300000, 0x0000000703300000| Untracked 
|  36|0x0000000703400000, 0x0000000703400000, 0x0000000703500000|  0%| F|  |TAMS 0x0000000703400000, 0x0000000703400000| Untracked 
|  37|0x0000000703500000, 0x0000000703500000, 0x0000000703600000|  0%| F|  |TAMS 0x0000000703500000, 0x0000000703500000| Untracked 
|  38|0x0000000703600000, 0x0000000703600000, 0x0000000703700000|  0%| F|  |TAMS 0x0000000703600000, 0x0000000703600000| Untracked 
|  39|0x0000000703700000, 0x0000000703700000, 0x0000000703800000|  0%| F|  |TAMS 0x0000000703700000, 0x0000000703700000| Untracked 
|  40|0x0000000703800000, 0x0000000703800000, 0x0000000703900000|  0%| F|  |TAMS 0x0000000703800000, 0x0000000703800000| Untracked 
|  41|0x0000000703900000, 0x0000000703900000, 0x0000000703a00000|  0%| F|  |TAMS 0x0000000703900000, 0x0000000703900000| Untracked 
|  42|0x0000000703a00000, 0x0000000703a00000, 0x0000000703b00000|  0%| F|  |TAMS 0x0000000703a00000, 0x0000000703a00000| Untracked 
|  43|0x0000000703b00000, 0x0000000703b00000, 0x0000000703c00000|  0%| F|  |TAMS 0x0000000703b00000, 0x0000000703b00000| Untracked 
|  44|0x0000000703c00000, 0x0000000703c00000, 0x0000000703d00000|  0%| F|  |TAMS 0x0000000703c00000, 0x0000000703c00000| Untracked 
|  45|0x0000000703d00000, 0x0000000703d00000, 0x0000000703e00000|  0%| F|  |TAMS 0x0000000703d00000, 0x0000000703d00000| Untracked 
|  46|0x0000000703e00000, 0x0000000703e00000, 0x0000000703f00000|  0%| F|  |TAMS 0x0000000703e00000, 0x0000000703e00000| Untracked 
|  47|0x0000000703f00000, 0x0000000703f00000, 0x0000000704000000|  0%| F|  |TAMS 0x0000000703f00000, 0x0000000703f00000| Untracked 
|  48|0x0000000704000000, 0x0000000704000000, 0x0000000704100000|  0%| F|  |TAMS 0x0000000704000000, 0x0000000704000000| Untracked 
|  49|0x0000000704100000, 0x0000000704100000, 0x0000000704200000|  0%| F|  |TAMS 0x0000000704100000, 0x0000000704100000| Untracked 
|  50|0x0000000704200000, 0x0000000704200000, 0x0000000704300000|  0%| F|  |TAMS 0x0000000704200000, 0x0000000704200000| Untracked 
|  51|0x0000000704300000, 0x0000000704300000, 0x0000000704400000|  0%| F|  |TAMS 0x0000000704300000, 0x0000000704300000| Untracked 
|  52|0x0000000704400000, 0x0000000704400000, 0x0000000704500000|  0%| F|  |TAMS 0x0000000704400000, 0x0000000704400000| Untracked 
|  53|0x0000000704500000, 0x0000000704500000, 0x0000000704600000|  0%| F|  |TAMS 0x0000000704500000, 0x0000000704500000| Untracked 
|  54|0x0000000704600000, 0x0000000704600000, 0x0000000704700000|  0%| F|  |TAMS 0x0000000704600000, 0x0000000704600000| Untracked 
|  55|0x0000000704700000, 0x0000000704700000, 0x0000000704800000|  0%| F|  |TAMS 0x0000000704700000, 0x0000000704700000| Untracked 
|  56|0x0000000704800000, 0x0000000704800000, 0x0000000704900000|  0%| F|  |TAMS 0x0000000704800000, 0x0000000704800000| Untracked 
|  57|0x0000000704900000, 0x0000000704900000, 0x0000000704a00000|  0%| F|  |TAMS 0x0000000704900000, 0x0000000704900000| Untracked 
|  58|0x0000000704a00000, 0x0000000704a00000, 0x0000000704b00000|  0%| F|  |TAMS 0x0000000704a00000, 0x0000000704a00000| Untracked 
|  59|0x0000000704b00000, 0x0000000704b00000, 0x0000000704c00000|  0%| F|  |TAMS 0x0000000704b00000, 0x0000000704b00000| Untracked 
|  60|0x0000000704c00000, 0x0000000704c00000, 0x0000000704d00000|  0%| F|  |TAMS 0x0000000704c00000, 0x0000000704c00000| Untracked 
|  61|0x0000000704d00000, 0x0000000704d00000, 0x0000000704e00000|  0%| F|  |TAMS 0x0000000704d00000, 0x0000000704d00000| Untracked 
|  62|0x0000000704e00000, 0x0000000704e00000, 0x0000000704f00000|  0%| F|  |TAMS 0x0000000704e00000, 0x0000000704e00000| Untracked 
|  63|0x0000000704f00000, 0x0000000704f00000, 0x0000000705000000|  0%| F|  |TAMS 0x0000000704f00000, 0x0000000704f00000| Untracked 
|  64|0x0000000705000000, 0x0000000705000000, 0x0000000705100000|  0%| F|  |TAMS 0x0000000705000000, 0x0000000705000000| Untracked 
|  65|0x0000000705100000, 0x0000000705100000, 0x0000000705200000|  0%| F|  |TAMS 0x0000000705100000, 0x0000000705100000| Untracked 
|  66|0x0000000705200000, 0x0000000705200000, 0x0000000705300000|  0%| F|  |TAMS 0x0000000705200000, 0x0000000705200000| Untracked 
|  67|0x0000000705300000, 0x0000000705300000, 0x0000000705400000|  0%| F|  |TAMS 0x0000000705300000, 0x0000000705300000| Untracked 
|  68|0x0000000705400000, 0x0000000705400000, 0x0000000705500000|  0%| F|  |TAMS 0x0000000705400000, 0x0000000705400000| Untracked 
|  69|0x0000000705500000, 0x0000000705500000, 0x0000000705600000|  0%| F|  |TAMS 0x0000000705500000, 0x0000000705500000| Untracked 
|  70|0x0000000705600000, 0x0000000705600000, 0x0000000705700000|  0%| F|  |TAMS 0x0000000705600000, 0x0000000705600000| Untracked 
|  71|0x0000000705700000, 0x0000000705700000, 0x0000000705800000|  0%| F|  |TAMS 0x0000000705700000, 0x0000000705700000| Untracked 
|  72|0x0000000705800000, 0x0000000705800000, 0x0000000705900000|  0%| F|  |TAMS 0x0000000705800000, 0x0000000705800000| Untracked 
|  73|0x0000000705900000, 0x0000000705900000, 0x0000000705a00000|  0%| F|  |TAMS 0x0000000705900000, 0x0000000705900000| Untracked 
|  74|0x0000000705a00000, 0x0000000705a00000, 0x0000000705b00000|  0%| F|  |TAMS 0x0000000705a00000, 0x0000000705a00000| Untracked 
|  75|0x0000000705b00000, 0x0000000705b00000, 0x0000000705c00000|  0%| F|  |TAMS 0x0000000705b00000, 0x0000000705b00000| Untracked 
|  76|0x0000000705c00000, 0x0000000705c00000, 0x0000000705d00000|  0%| F|  |TAMS 0x0000000705c00000, 0x0000000705c00000| Untracked 
|  77|0x0000000705d00000, 0x0000000705d00000, 0x0000000705e00000|  0%| F|  |TAMS 0x0000000705d00000, 0x0000000705d00000| Untracked 
|  78|0x0000000705e00000, 0x0000000705e00000, 0x0000000705f00000|  0%| F|  |TAMS 0x0000000705e00000, 0x0000000705e00000| Untracked 
|  79|0x0000000705f00000, 0x0000000705f00000, 0x0000000706000000|  0%| F|  |TAMS 0x0000000705f00000, 0x0000000705f00000| Untracked 
|  80|0x0000000706000000, 0x0000000706000000, 0x0000000706100000|  0%| F|  |TAMS 0x0000000706000000, 0x0000000706000000| Untracked 
|  81|0x0000000706100000, 0x0000000706100000, 0x0000000706200000|  0%| F|  |TAMS 0x0000000706100000, 0x0000000706100000| Untracked 
|  82|0x0000000706200000, 0x0000000706200000, 0x0000000706300000|  0%| F|  |TAMS 0x0000000706200000, 0x0000000706200000| Untracked 
|  83|0x0000000706300000, 0x0000000706300000, 0x0000000706400000|  0%| F|  |TAMS 0x0000000706300000, 0x0000000706300000| Untracked 
|  84|0x0000000706400000, 0x0000000706400000, 0x0000000706500000|  0%| F|  |TAMS 0x0000000706400000, 0x0000000706400000| Untracked 
|  85|0x0000000706500000, 0x0000000706500000, 0x0000000706600000|  0%| F|  |TAMS 0x0000000706500000, 0x0000000706500000| Untracked 
|  86|0x0000000706600000, 0x0000000706600000, 0x0000000706700000|  0%| F|  |TAMS 0x0000000706600000, 0x0000000706600000| Untracked 
|  87|0x0000000706700000, 0x0000000706700000, 0x0000000706800000|  0%| F|  |TAMS 0x0000000706700000, 0x0000000706700000| Untracked 
|  88|0x0000000706800000, 0x0000000706800000, 0x0000000706900000|  0%| F|  |TAMS 0x0000000706800000, 0x0000000706800000| Untracked 
|  89|0x0000000706900000, 0x0000000706900000, 0x0000000706a00000|  0%| F|  |TAMS 0x0000000706900000, 0x0000000706900000| Untracked 
|  90|0x0000000706a00000, 0x0000000706a00000, 0x0000000706b00000|  0%| F|  |TAMS 0x0000000706a00000, 0x0000000706a00000| Untracked 
|  91|0x0000000706b00000, 0x0000000706b00000, 0x0000000706c00000|  0%| F|  |TAMS 0x0000000706b00000, 0x0000000706b00000| Untracked 
|  92|0x0000000706c00000, 0x0000000706c00000, 0x0000000706d00000|  0%| F|  |TAMS 0x0000000706c00000, 0x0000000706c00000| Untracked 
|  93|0x0000000706d00000, 0x0000000706d00000, 0x0000000706e00000|  0%| F|  |TAMS 0x0000000706d00000, 0x0000000706d00000| Untracked 
|  94|0x0000000706e00000, 0x0000000706e00000, 0x0000000706f00000|  0%| F|  |TAMS 0x0000000706e00000, 0x0000000706e00000| Untracked 
|  95|0x0000000706f00000, 0x0000000706f00000, 0x0000000707000000|  0%| F|  |TAMS 0x0000000706f00000, 0x0000000706f00000| Untracked 
|  96|0x0000000707000000, 0x0000000707000000, 0x0000000707100000|  0%| F|  |TAMS 0x0000000707000000, 0x0000000707000000| Untracked 
|  97|0x0000000707100000, 0x0000000707100000, 0x0000000707200000|  0%| F|  |TAMS 0x0000000707100000, 0x0000000707100000| Untracked 
|  98|0x0000000707200000, 0x0000000707200000, 0x0000000707300000|  0%| F|  |TAMS 0x0000000707200000, 0x0000000707200000| Untracked 
|  99|0x0000000707300000, 0x0000000707300000, 0x0000000707400000|  0%| F|  |TAMS 0x0000000707300000, 0x0000000707300000| Untracked 
| 100|0x0000000707400000, 0x0000000707400000, 0x0000000707500000|  0%| F|  |TAMS 0x0000000707400000, 0x0000000707400000| Untracked 
| 101|0x0000000707500000, 0x0000000707500000, 0x0000000707600000|  0%| F|  |TAMS 0x0000000707500000, 0x0000000707500000| Untracked 
| 102|0x0000000707600000, 0x0000000707600000, 0x0000000707700000|  0%| F|  |TAMS 0x0000000707600000, 0x0000000707600000| Untracked 
| 103|0x0000000707700000, 0x0000000707700000, 0x0000000707800000|  0%| F|  |TAMS 0x0000000707700000, 0x0000000707700000| Untracked 
| 104|0x0000000707800000, 0x0000000707800000, 0x0000000707900000|  0%| F|  |TAMS 0x0000000707800000, 0x0000000707800000| Untracked 
| 105|0x0000000707900000, 0x0000000707900000, 0x0000000707a00000|  0%| F|  |TAMS 0x0000000707900000, 0x0000000707900000| Untracked 
| 106|0x0000000707a00000, 0x0000000707a00000, 0x0000000707b00000|  0%| F|  |TAMS 0x0000000707a00000, 0x0000000707a00000| Untracked 
| 107|0x0000000707b00000, 0x0000000707b00000, 0x0000000707c00000|  0%| F|  |TAMS 0x0000000707b00000, 0x0000000707b00000| Untracked 
| 108|0x0000000707c00000, 0x0000000707c00000, 0x0000000707d00000|  0%| F|  |TAMS 0x0000000707c00000, 0x0000000707c00000| Untracked 
| 109|0x0000000707d00000, 0x0000000707d00000, 0x0000000707e00000|  0%| F|  |TAMS 0x0000000707d00000, 0x0000000707d00000| Untracked 
| 110|0x0000000707e00000, 0x0000000707e00000, 0x0000000707f00000|  0%| F|  |TAMS 0x0000000707e00000, 0x0000000707e00000| Untracked 
| 111|0x0000000707f00000, 0x0000000707f00000, 0x0000000708000000|  0%| F|  |TAMS 0x0000000707f00000, 0x0000000707f00000| Untracked 
| 112|0x0000000708000000, 0x0000000708000000, 0x0000000708100000|  0%| F|  |TAMS 0x0000000708000000, 0x0000000708000000| Untracked 
| 113|0x0000000708100000, 0x0000000708100000, 0x0000000708200000|  0%| F|  |TAMS 0x0000000708100000, 0x0000000708100000| Untracked 
| 114|0x0000000708200000, 0x0000000708200000, 0x0000000708300000|  0%| F|  |TAMS 0x0000000708200000, 0x0000000708200000| Untracked 
| 115|0x0000000708300000, 0x0000000708300000, 0x0000000708400000|  0%| F|  |TAMS 0x0000000708300000, 0x0000000708300000| Untracked 
| 116|0x0000000708400000, 0x0000000708400000, 0x0000000708500000|  0%| F|  |TAMS 0x0000000708400000, 0x0000000708400000| Untracked 
| 117|0x0000000708500000, 0x0000000708500000, 0x0000000708600000|  0%| F|  |TAMS 0x0000000708500000, 0x0000000708500000| Untracked 
| 118|0x0000000708600000, 0x0000000708600000, 0x0000000708700000|  0%| F|  |TAMS 0x0000000708600000, 0x0000000708600000| Untracked 
| 119|0x0000000708700000, 0x0000000708700000, 0x0000000708800000|  0%| F|  |TAMS 0x0000000708700000, 0x0000000708700000| Untracked 
| 120|0x0000000708800000, 0x0000000708800000, 0x0000000708900000|  0%| F|  |TAMS 0x0000000708800000, 0x0000000708800000| Untracked 
| 121|0x0000000708900000, 0x0000000708900000, 0x0000000708a00000|  0%| F|  |TAMS 0x0000000708900000, 0x0000000708900000| Untracked 
| 122|0x0000000708a00000, 0x0000000708a00000, 0x0000000708b00000|  0%| F|  |TAMS 0x0000000708a00000, 0x0000000708a00000| Untracked 
| 123|0x0000000708b00000, 0x0000000708b00000, 0x0000000708c00000|  0%| F|  |TAMS 0x0000000708b00000, 0x0000000708b00000| Untracked 
| 124|0x0000000708c00000, 0x0000000708c00000, 0x0000000708d00000|  0%| F|  |TAMS 0x0000000708c00000, 0x0000000708c00000| Untracked 
| 125|0x0000000708d00000, 0x0000000708d00000, 0x0000000708e00000|  0%| F|  |TAMS 0x0000000708d00000, 0x0000000708d00000| Untracked 
| 126|0x0000000708e00000, 0x0000000708e00000, 0x0000000708f00000|  0%| F|  |TAMS 0x0000000708e00000, 0x0000000708e00000| Untracked 
| 127|0x0000000708f00000, 0x0000000708f00000, 0x0000000709000000|  0%| F|  |TAMS 0x0000000708f00000, 0x0000000708f00000| Untracked 
| 128|0x0000000709000000, 0x0000000709000000, 0x0000000709100000|  0%| F|  |TAMS 0x0000000709000000, 0x0000000709000000| Untracked 
| 129|0x0000000709100000, 0x0000000709100000, 0x0000000709200000|  0%| F|  |TAMS 0x0000000709100000, 0x0000000709100000| Untracked 
| 130|0x0000000709200000, 0x0000000709200000, 0x0000000709300000|  0%| F|  |TAMS 0x0000000709200000, 0x0000000709200000| Untracked 
| 131|0x0000000709300000, 0x0000000709300000, 0x0000000709400000|  0%| F|  |TAMS 0x0000000709300000, 0x0000000709300000| Untracked 
| 132|0x0000000709400000, 0x0000000709400000, 0x0000000709500000|  0%| F|  |TAMS 0x0000000709400000, 0x0000000709400000| Untracked 
| 133|0x0000000709500000, 0x0000000709500000, 0x0000000709600000|  0%| F|  |TAMS 0x0000000709500000, 0x0000000709500000| Untracked 
| 134|0x0000000709600000, 0x0000000709600000, 0x0000000709700000|  0%| F|  |TAMS 0x0000000709600000, 0x0000000709600000| Untracked 
| 135|0x0000000709700000, 0x0000000709700000, 0x0000000709800000|  0%| F|  |TAMS 0x0000000709700000, 0x0000000709700000| Untracked 
| 136|0x0000000709800000, 0x0000000709800000, 0x0000000709900000|  0%| F|  |TAMS 0x0000000709800000, 0x0000000709800000| Untracked 
| 137|0x0000000709900000, 0x0000000709900000, 0x0000000709a00000|  0%| F|  |TAMS 0x0000000709900000, 0x0000000709900000| Untracked 
| 138|0x0000000709a00000, 0x0000000709a00000, 0x0000000709b00000|  0%| F|  |TAMS 0x0000000709a00000, 0x0000000709a00000| Untracked 
| 139|0x0000000709b00000, 0x0000000709b00000, 0x0000000709c00000|  0%| F|  |TAMS 0x0000000709b00000, 0x0000000709b00000| Untracked 
| 140|0x0000000709c00000, 0x0000000709c00000, 0x0000000709d00000|  0%| F|  |TAMS 0x0000000709c00000, 0x0000000709c00000| Untracked 
| 141|0x0000000709d00000, 0x0000000709d00000, 0x0000000709e00000|  0%| F|  |TAMS 0x0000000709d00000, 0x0000000709d00000| Untracked 
| 142|0x0000000709e00000, 0x0000000709e00000, 0x0000000709f00000|  0%| F|  |TAMS 0x0000000709e00000, 0x0000000709e00000| Untracked 
| 143|0x0000000709f00000, 0x0000000709f00000, 0x000000070a000000|  0%| F|  |TAMS 0x0000000709f00000, 0x0000000709f00000| Untracked 
| 144|0x000000070a000000, 0x000000070a000000, 0x000000070a100000|  0%| F|  |TAMS 0x000000070a000000, 0x000000070a000000| Untracked 
| 145|0x000000070a100000, 0x000000070a100000, 0x000000070a200000|  0%| F|  |TAMS 0x000000070a100000, 0x000000070a100000| Untracked 
| 146|0x000000070a200000, 0x000000070a200000, 0x000000070a300000|  0%| F|  |TAMS 0x000000070a200000, 0x000000070a200000| Untracked 
| 147|0x000000070a300000, 0x000000070a300000, 0x000000070a400000|  0%| F|  |TAMS 0x000000070a300000, 0x000000070a300000| Untracked 
| 148|0x000000070a400000, 0x000000070a400000, 0x000000070a500000|  0%| F|  |TAMS 0x000000070a400000, 0x000000070a400000| Untracked 
| 149|0x000000070a500000, 0x000000070a500000, 0x000000070a600000|  0%| F|  |TAMS 0x000000070a500000, 0x000000070a500000| Untracked 
| 150|0x000000070a600000, 0x000000070a600000, 0x000000070a700000|  0%| F|  |TAMS 0x000000070a600000, 0x000000070a600000| Untracked 
| 151|0x000000070a700000, 0x000000070a700000, 0x000000070a800000|  0%| F|  |TAMS 0x000000070a700000, 0x000000070a700000| Untracked 
| 152|0x000000070a800000, 0x000000070a800000, 0x000000070a900000|  0%| F|  |TAMS 0x000000070a800000, 0x000000070a800000| Untracked 
| 153|0x000000070a900000, 0x000000070a900000, 0x000000070aa00000|  0%| F|  |TAMS 0x000000070a900000, 0x000000070a900000| Untracked 
| 154|0x000000070aa00000, 0x000000070aa00000, 0x000000070ab00000|  0%| F|  |TAMS 0x000000070aa00000, 0x000000070aa00000| Untracked 
| 155|0x000000070ab00000, 0x000000070ab00000, 0x000000070ac00000|  0%| F|  |TAMS 0x000000070ab00000, 0x000000070ab00000| Untracked 
| 156|0x000000070ac00000, 0x000000070ac00000, 0x000000070ad00000|  0%| F|  |TAMS 0x000000070ac00000, 0x000000070ac00000| Untracked 
| 157|0x000000070ad00000, 0x000000070ad00000, 0x000000070ae00000|  0%| F|  |TAMS 0x000000070ad00000, 0x000000070ad00000| Untracked 
| 158|0x000000070ae00000, 0x000000070ae00000, 0x000000070af00000|  0%| F|  |TAMS 0x000000070ae00000, 0x000000070ae00000| Untracked 
| 159|0x000000070af00000, 0x000000070af00000, 0x000000070b000000|  0%| F|  |TAMS 0x000000070af00000, 0x000000070af00000| Untracked 
| 160|0x000000070b000000, 0x000000070b000000, 0x000000070b100000|  0%| F|  |TAMS 0x000000070b000000, 0x000000070b000000| Untracked 
| 161|0x000000070b100000, 0x000000070b100000, 0x000000070b200000|  0%| F|  |TAMS 0x000000070b100000, 0x000000070b100000| Untracked 
| 162|0x000000070b200000, 0x000000070b200000, 0x000000070b300000|  0%| F|  |TAMS 0x000000070b200000, 0x000000070b200000| Untracked 
| 163|0x000000070b300000, 0x000000070b300000, 0x000000070b400000|  0%| F|  |TAMS 0x000000070b300000, 0x000000070b300000| Untracked 
| 164|0x000000070b400000, 0x000000070b400000, 0x000000070b500000|  0%| F|  |TAMS 0x000000070b400000, 0x000000070b400000| Untracked 
| 165|0x000000070b500000, 0x000000070b500000, 0x000000070b600000|  0%| F|  |TAMS 0x000000070b500000, 0x000000070b500000| Untracked 
| 166|0x000000070b600000, 0x000000070b600000, 0x000000070b700000|  0%| F|  |TAMS 0x000000070b600000, 0x000000070b600000| Untracked 
| 167|0x000000070b700000, 0x000000070b700000, 0x000000070b800000|  0%| F|  |TAMS 0x000000070b700000, 0x000000070b700000| Untracked 
| 168|0x000000070b800000, 0x000000070b800000, 0x000000070b900000|  0%| F|  |TAMS 0x000000070b800000, 0x000000070b800000| Untracked 
| 169|0x000000070b900000, 0x000000070b900000, 0x000000070ba00000|  0%| F|  |TAMS 0x000000070b900000, 0x000000070b900000| Untracked 
| 170|0x000000070ba00000, 0x000000070ba00000, 0x000000070bb00000|  0%| F|  |TAMS 0x000000070ba00000, 0x000000070ba00000| Untracked 
| 171|0x000000070bb00000, 0x000000070bb00000, 0x000000070bc00000|  0%| F|  |TAMS 0x000000070bb00000, 0x000000070bb00000| Untracked 
| 172|0x000000070bc00000, 0x000000070bc00000, 0x000000070bd00000|  0%| F|  |TAMS 0x000000070bc00000, 0x000000070bc00000| Untracked 
| 173|0x000000070bd00000, 0x000000070bd00000, 0x000000070be00000|  0%| F|  |TAMS 0x000000070bd00000, 0x000000070bd00000| Untracked 
| 174|0x000000070be00000, 0x000000070be00000, 0x000000070bf00000|  0%| F|  |TAMS 0x000000070be00000, 0x000000070be00000| Untracked 
| 175|0x000000070bf00000, 0x000000070bf00000, 0x000000070c000000|  0%| F|  |TAMS 0x000000070bf00000, 0x000000070bf00000| Untracked 
| 176|0x000000070c000000, 0x000000070c000000, 0x000000070c100000|  0%| F|  |TAMS 0x000000070c000000, 0x000000070c000000| Untracked 
| 177|0x000000070c100000, 0x000000070c100000, 0x000000070c200000|  0%| F|  |TAMS 0x000000070c100000, 0x000000070c100000| Untracked 
| 178|0x000000070c200000, 0x000000070c200000, 0x000000070c300000|  0%| F|  |TAMS 0x000000070c200000, 0x000000070c200000| Untracked 
| 179|0x000000070c300000, 0x000000070c300000, 0x000000070c400000|  0%| F|  |TAMS 0x000000070c300000, 0x000000070c300000| Untracked 
| 180|0x000000070c400000, 0x000000070c400000, 0x000000070c500000|  0%| F|  |TAMS 0x000000070c400000, 0x000000070c400000| Untracked 
| 181|0x000000070c500000, 0x000000070c500000, 0x000000070c600000|  0%| F|  |TAMS 0x000000070c500000, 0x000000070c500000| Untracked 
| 182|0x000000070c600000, 0x000000070c600000, 0x000000070c700000|  0%| F|  |TAMS 0x000000070c600000, 0x000000070c600000| Untracked 
| 183|0x000000070c700000, 0x000000070c700000, 0x000000070c800000|  0%| F|  |TAMS 0x000000070c700000, 0x000000070c700000| Untracked 
| 184|0x000000070c800000, 0x000000070c800000, 0x000000070c900000|  0%| F|  |TAMS 0x000000070c800000, 0x000000070c800000| Untracked 
| 185|0x000000070c900000, 0x000000070c900000, 0x000000070ca00000|  0%| F|  |TAMS 0x000000070c900000, 0x000000070c900000| Untracked 
| 186|0x000000070ca00000, 0x000000070ca00000, 0x000000070cb00000|  0%| F|  |TAMS 0x000000070ca00000, 0x000000070ca00000| Untracked 
| 187|0x000000070cb00000, 0x000000070cb00000, 0x000000070cc00000|  0%| F|  |TAMS 0x000000070cb00000, 0x000000070cb00000| Untracked 
| 188|0x000000070cc00000, 0x000000070cc00000, 0x000000070cd00000|  0%| F|  |TAMS 0x000000070cc00000, 0x000000070cc00000| Untracked 
| 189|0x000000070cd00000, 0x000000070cd00000, 0x000000070ce00000|  0%| F|  |TAMS 0x000000070cd00000, 0x000000070cd00000| Untracked 
| 190|0x000000070ce00000, 0x000000070ce00000, 0x000000070cf00000|  0%| F|  |TAMS 0x000000070ce00000, 0x000000070ce00000| Untracked 
| 191|0x000000070cf00000, 0x000000070cf00000, 0x000000070d000000|  0%| F|  |TAMS 0x000000070cf00000, 0x000000070cf00000| Untracked 
| 192|0x000000070d000000, 0x000000070d000000, 0x000000070d100000|  0%| F|  |TAMS 0x000000070d000000, 0x000000070d000000| Untracked 
| 193|0x000000070d100000, 0x000000070d100000, 0x000000070d200000|  0%| F|  |TAMS 0x000000070d100000, 0x000000070d100000| Untracked 
| 194|0x000000070d200000, 0x000000070d200000, 0x000000070d300000|  0%| F|  |TAMS 0x000000070d200000, 0x000000070d200000| Untracked 
| 195|0x000000070d300000, 0x000000070d300000, 0x000000070d400000|  0%| F|  |TAMS 0x000000070d300000, 0x000000070d300000| Untracked 
| 196|0x000000070d400000, 0x000000070d400000, 0x000000070d500000|  0%| F|  |TAMS 0x000000070d400000, 0x000000070d400000| Untracked 
| 197|0x000000070d500000, 0x000000070d500000, 0x000000070d600000|  0%| F|  |TAMS 0x000000070d500000, 0x000000070d500000| Untracked 
| 198|0x000000070d600000, 0x000000070d600000, 0x000000070d700000|  0%| F|  |TAMS 0x000000070d600000, 0x000000070d600000| Untracked 
| 199|0x000000070d700000, 0x000000070d700000, 0x000000070d800000|  0%| F|  |TAMS 0x000000070d700000, 0x000000070d700000| Untracked 
| 200|0x000000070d800000, 0x000000070d800000, 0x000000070d900000|  0%| F|  |TAMS 0x000000070d800000, 0x000000070d800000| Untracked 
| 201|0x000000070d900000, 0x000000070d900000, 0x000000070da00000|  0%| F|  |TAMS 0x000000070d900000, 0x000000070d900000| Untracked 
| 202|0x000000070da00000, 0x000000070da00000, 0x000000070db00000|  0%| F|  |TAMS 0x000000070da00000, 0x000000070da00000| Untracked 
| 203|0x000000070db00000, 0x000000070db00000, 0x000000070dc00000|  0%| F|  |TAMS 0x000000070db00000, 0x000000070db00000| Untracked 
| 204|0x000000070dc00000, 0x000000070dc00000, 0x000000070dd00000|  0%| F|  |TAMS 0x000000070dc00000, 0x000000070dc00000| Untracked 
| 205|0x000000070dd00000, 0x000000070dd00000, 0x000000070de00000|  0%| F|  |TAMS 0x000000070dd00000, 0x000000070dd00000| Untracked 
| 206|0x000000070de00000, 0x000000070de00000, 0x000000070df00000|  0%| F|  |TAMS 0x000000070de00000, 0x000000070de00000| Untracked 
| 207|0x000000070df00000, 0x000000070df00000, 0x000000070e000000|  0%| F|  |TAMS 0x000000070df00000, 0x000000070df00000| Untracked 
| 208|0x000000070e000000, 0x000000070e000000, 0x000000070e100000|  0%| F|  |TAMS 0x000000070e000000, 0x000000070e000000| Untracked 
| 209|0x000000070e100000, 0x000000070e100000, 0x000000070e200000|  0%| F|  |TAMS 0x000000070e100000, 0x000000070e100000| Untracked 
| 210|0x000000070e200000, 0x000000070e200000, 0x000000070e300000|  0%| F|  |TAMS 0x000000070e200000, 0x000000070e200000| Untracked 
| 211|0x000000070e300000, 0x000000070e300000, 0x000000070e400000|  0%| F|  |TAMS 0x000000070e300000, 0x000000070e300000| Untracked 
| 212|0x000000070e400000, 0x000000070e400000, 0x000000070e500000|  0%| F|  |TAMS 0x000000070e400000, 0x000000070e400000| Untracked 
| 213|0x000000070e500000, 0x000000070e500000, 0x000000070e600000|  0%| F|  |TAMS 0x000000070e500000, 0x000000070e500000| Untracked 
| 214|0x000000070e600000, 0x000000070e600000, 0x000000070e700000|  0%| F|  |TAMS 0x000000070e600000, 0x000000070e600000| Untracked 
| 215|0x000000070e700000, 0x000000070e700000, 0x000000070e800000|  0%| F|  |TAMS 0x000000070e700000, 0x000000070e700000| Untracked 
| 216|0x000000070e800000, 0x000000070e800000, 0x000000070e900000|  0%| F|  |TAMS 0x000000070e800000, 0x000000070e800000| Untracked 
| 217|0x000000070e900000, 0x000000070e900000, 0x000000070ea00000|  0%| F|  |TAMS 0x000000070e900000, 0x000000070e900000| Untracked 
| 218|0x000000070ea00000, 0x000000070ea00000, 0x000000070eb00000|  0%| F|  |TAMS 0x000000070ea00000, 0x000000070ea00000| Untracked 
| 219|0x000000070eb00000, 0x000000070eb00000, 0x000000070ec00000|  0%| F|  |TAMS 0x000000070eb00000, 0x000000070eb00000| Untracked 
| 220|0x000000070ec00000, 0x000000070ec00000, 0x000000070ed00000|  0%| F|  |TAMS 0x000000070ec00000, 0x000000070ec00000| Untracked 
| 221|0x000000070ed00000, 0x000000070ed00000, 0x000000070ee00000|  0%| F|  |TAMS 0x000000070ed00000, 0x000000070ed00000| Untracked 
| 222|0x000000070ee00000, 0x000000070ee00000, 0x000000070ef00000|  0%| F|  |TAMS 0x000000070ee00000, 0x000000070ee00000| Untracked 
| 223|0x000000070ef00000, 0x000000070ef00000, 0x000000070f000000|  0%| F|  |TAMS 0x000000070ef00000, 0x000000070ef00000| Untracked 
| 224|0x000000070f000000, 0x000000070f000000, 0x000000070f100000|  0%| F|  |TAMS 0x000000070f000000, 0x000000070f000000| Untracked 
| 225|0x000000070f100000, 0x000000070f100000, 0x000000070f200000|  0%| F|  |TAMS 0x000000070f100000, 0x000000070f100000| Untracked 
| 226|0x000000070f200000, 0x000000070f200000, 0x000000070f300000|  0%| F|  |TAMS 0x000000070f200000, 0x000000070f200000| Untracked 
| 227|0x000000070f300000, 0x000000070f300000, 0x000000070f400000|  0%| F|  |TAMS 0x000000070f300000, 0x000000070f300000| Untracked 
| 228|0x000000070f400000, 0x000000070f400000, 0x000000070f500000|  0%| F|  |TAMS 0x000000070f400000, 0x000000070f400000| Untracked 
| 229|0x000000070f500000, 0x000000070f500000, 0x000000070f600000|  0%| F|  |TAMS 0x000000070f500000, 0x000000070f500000| Untracked 
| 230|0x000000070f600000, 0x000000070f600000, 0x000000070f700000|  0%| F|  |TAMS 0x000000070f600000, 0x000000070f600000| Untracked 
| 231|0x000000070f700000, 0x000000070f700000, 0x000000070f800000|  0%| F|  |TAMS 0x000000070f700000, 0x000000070f700000| Untracked 
| 232|0x000000070f800000, 0x000000070f800000, 0x000000070f900000|  0%| F|  |TAMS 0x000000070f800000, 0x000000070f800000| Untracked 
| 233|0x000000070f900000, 0x000000070f900000, 0x000000070fa00000|  0%| F|  |TAMS 0x000000070f900000, 0x000000070f900000| Untracked 
| 234|0x000000070fa00000, 0x000000070fa00000, 0x000000070fb00000|  0%| F|  |TAMS 0x000000070fa00000, 0x000000070fa00000| Untracked 
| 235|0x000000070fb00000, 0x000000070fb7b668, 0x000000070fc00000| 48%| E|  |TAMS 0x000000070fb00000, 0x000000070fb00000| Complete 
| 236|0x000000070fc00000, 0x000000070fd00000, 0x000000070fd00000|100%| E|CS|TAMS 0x000000070fc00000, 0x000000070fc00000| Complete 
| 237|0x000000070fd00000, 0x000000070fe00000, 0x000000070fe00000|100%| E|CS|TAMS 0x000000070fd00000, 0x000000070fd00000| Complete 
| 238|0x000000070fe00000, 0x000000070ff00000, 0x000000070ff00000|100%| E|CS|TAMS 0x000000070fe00000, 0x000000070fe00000| Complete 
| 239|0x000000070ff00000, 0x0000000710000000, 0x0000000710000000|100%| E|CS|TAMS 0x000000070ff00000, 0x000000070ff00000| Complete 
| 240|0x0000000710000000, 0x0000000710100000, 0x0000000710100000|100%| E|CS|TAMS 0x0000000710000000, 0x0000000710000000| Complete 
| 241|0x0000000710100000, 0x0000000710200000, 0x0000000710200000|100%| E|  |TAMS 0x0000000710100000, 0x0000000710100000| Complete 
| 242|0x0000000710200000, 0x0000000710300000, 0x0000000710300000|100%| E|CS|TAMS 0x0000000710200000, 0x0000000710200000| Complete 
| 243|0x0000000710300000, 0x0000000710400000, 0x0000000710400000|100%| E|CS|TAMS 0x0000000710300000, 0x0000000710300000| Complete 
| 244|0x0000000710400000, 0x0000000710500000, 0x0000000710500000|100%| E|CS|TAMS 0x0000000710400000, 0x0000000710400000| Complete 
| 245|0x0000000710500000, 0x0000000710600000, 0x0000000710600000|100%| E|CS|TAMS 0x0000000710500000, 0x0000000710500000| Complete 
| 246|0x0000000710600000, 0x0000000710700000, 0x0000000710700000|100%| E|CS|TAMS 0x0000000710600000, 0x0000000710600000| Complete 
| 247|0x0000000710700000, 0x0000000710800000, 0x0000000710800000|100%| E|CS|TAMS 0x0000000710700000, 0x0000000710700000| Complete 
| 248|0x0000000710800000, 0x0000000710900000, 0x0000000710900000|100%| E|CS|TAMS 0x0000000710800000, 0x0000000710800000| Complete 
| 249|0x0000000710900000, 0x0000000710a00000, 0x0000000710a00000|100%| E|CS|TAMS 0x0000000710900000, 0x0000000710900000| Complete 
| 250|0x0000000710a00000, 0x0000000710b00000, 0x0000000710b00000|100%| E|CS|TAMS 0x0000000710a00000, 0x0000000710a00000| Complete 
| 251|0x0000000710b00000, 0x0000000710c00000, 0x0000000710c00000|100%| E|CS|TAMS 0x0000000710b00000, 0x0000000710b00000| Complete 
| 252|0x0000000710c00000, 0x0000000710d00000, 0x0000000710d00000|100%| E|CS|TAMS 0x0000000710c00000, 0x0000000710c00000| Complete 
| 253|0x0000000710d00000, 0x0000000710e00000, 0x0000000710e00000|100%| E|CS|TAMS 0x0000000710d00000, 0x0000000710d00000| Complete 
| 254|0x0000000710e00000, 0x0000000710f00000, 0x0000000710f00000|100%| E|CS|TAMS 0x0000000710e00000, 0x0000000710e00000| Complete 
| 255|0x0000000710f00000, 0x0000000711000000, 0x0000000711000000|100%| E|CS|TAMS 0x0000000710f00000, 0x0000000710f00000| Complete 

Card table byte_map: [0x0000020d241c0000,0x0000020d249c0000] _byte_map_base: 0x0000020d209b8000

Marking Bits (Prev, Next): (CMBitMap*) 0x0000020d0b62c848, (CMBitMap*) 0x0000020d0b62c880
 Prev Bits: [0x0000020d251c0000, 0x0000020d29180000)
 Next Bits: [0x0000020d29180000, 0x0000020d2d140000)

Polling page: 0x0000020d13d00000

Metaspace:

Usage:
  Non-class:     14.86 MB capacity,    14.75 MB (>99%) used,    97.02 KB ( <1%) free+waste,    16.06 KB ( <1%) overhead. 
      Class:      1.20 MB capacity,     1.13 MB ( 94%) used,    70.17 KB (  6%) free+waste,     5.13 KB ( <1%) overhead. 
       Both:     16.06 MB capacity,    15.88 MB ( 99%) used,   167.20 KB (  1%) free+waste,    21.19 KB ( <1%) overhead. 

Virtual space:
  Non-class space:       16.00 MB reserved,      15.00 MB ( 94%) committed 
      Class space:        1.00 GB reserved,       1.25 MB ( <1%) committed 
             Both:        1.02 GB reserved,      16.25 MB (  2%) committed 

Chunk freelists:
   Non-Class:  15.00 KB
       Class:  16.00 KB
        Both:  31.00 KB

MaxMetaspaceSize: 17179869184.00 GB
CompressedClassSpaceSize: 1.00 GB
Initial GC threshold: 20.80 MB
Current GC threshold: 20.80 MB
CDS: off

CodeHeap 'non-profiled nmethods': size=120000Kb used=192Kb max_used=192Kb free=119807Kb
 bounds [0x0000020d1b7f0000, 0x0000020d1ba60000, 0x0000020d22d20000]
CodeHeap 'profiled nmethods': size=120000Kb used=1072Kb max_used=1072Kb free=118927Kb
 bounds [0x0000020d142c0000, 0x0000020d14530000, 0x0000020d1b7f0000]
CodeHeap 'non-nmethods': size=5760Kb used=1176Kb max_used=1192Kb free=4583Kb
 bounds [0x0000020d13d20000, 0x0000020d13f90000, 0x0000020d142c0000]
 total_blobs=1052 nmethods=610 adapters=355
 compilation: enabled
              stopped_count=0, restarted_count=0
 full_count=0

Compilation events (20 events):
Event: 0.568 Thread 0x0000020d307cf800  602       3       java.util.ArrayDeque::addLast (51 bytes)
Event: 0.569 Thread 0x0000020d307cf800 nmethod 602 0x0000020d143c8a10 code [0x0000020d143c8c00, 0x0000020d143c90d8]
Event: 0.569 Thread 0x0000020d307c9000 nmethod 573 0x0000020d1b81c110 code [0x0000020d1b81c340, 0x0000020d1b81d4d0]
Event: 0.569 Thread 0x0000020d307c9000  594       4       java.lang.StringCoding::encodeUTF8 (132 bytes)
Event: 0.570 Thread 0x0000020d307cf800  603       3       java.util.jar.JarFile::maybeInstantiateVerifier (112 bytes)
Event: 0.571 Thread 0x0000020d307c9000 nmethod 594 0x0000020d1b81e810 code [0x0000020d1b81e9a0, 0x0000020d1b81ebb8]
Event: 0.571 Thread 0x0000020d307c9000  580       4       java.util.zip.ZipCoder$UTF8::getBytes (10 bytes)
Event: 0.571 Thread 0x0000020d307cf800 nmethod 603 0x0000020d143c9290 code [0x0000020d143c95e0, 0x0000020d143ca7f8]
Event: 0.571 Thread 0x0000020d307cf800  606       3       java.lang.Integer::toUnsignedLong (7 bytes)
Event: 0.571 Thread 0x0000020d307cf800 nmethod 606 0x0000020d143caf10 code [0x0000020d143cb0c0, 0x0000020d143cb1b8]
Event: 0.571 Thread 0x0000020d307cf800  607       3       sun.misc.Unsafe::putLong (11 bytes)
Event: 0.571 Thread 0x0000020d307cf800 nmethod 607 0x0000020d143cb290 code [0x0000020d143cb440, 0x0000020d143cb538]
Event: 0.571 Thread 0x0000020d307cf800  608       3       org.lwjgl.system.MemoryUtil::memPutAddress (29 bytes)
Event: 0.572 Thread 0x0000020d307cf800 nmethod 608 0x0000020d143cb610 code [0x0000020d143cb7c0, 0x0000020d143cb9b8]
Event: 0.573 Thread 0x0000020d307c9000 nmethod 580 0x0000020d1b81ed10 code [0x0000020d1b81eec0, 0x0000020d1b81f118]
Event: 0.573 Thread 0x0000020d307c9000  585       4       java.lang.StringLatin1::charAt (28 bytes)
Event: 0.573 Thread 0x0000020d307c9000 nmethod 585 0x0000020d1b81f290 code [0x0000020d1b81f420, 0x0000020d1b81f498]
Event: 0.574 Thread 0x0000020d307c9000  609       4       java.lang.AbstractStringBuilder::append (55 bytes)
Event: 0.574 Thread 0x0000020d307cf800  610   !   3       java.util.zip.Inflater::setInput (69 bytes)
Event: 0.575 Thread 0x0000020d307cf800 nmethod 610 0x0000020d143cba90 code [0x0000020d143cbc60, 0x0000020d143cc168]

GC Heap History (0 events):
No events

Deoptimization events (20 events):
Event: 0.098 Thread 0x0000020d0b5c9000 Uncommon trap: trap_request=0xffffff4d fr.pc=0x0000020d1b7f411c relative=0x00000000000001fc
Event: 0.098 Thread 0x0000020d0b5c9000 Uncommon trap: reason=unstable_if action=reinterpret pc=0x0000020d1b7f411c method=java.lang.String.hashCode()I @ 14 c2
Event: 0.098 Thread 0x0000020d0b5c9000 DEOPT PACKING pc=0x0000020d1b7f411c sp=0x000000ab380fdfe0
Event: 0.098 Thread 0x0000020d0b5c9000 DEOPT UNPACKING pc=0x0000020d13d6a1af sp=0x000000ab380fdf78 mode 2
Event: 0.158 Thread 0x0000020d0b5c9000 DEOPT PACKING pc=0x0000020d142e008e sp=0x000000ab380fdfc0
Event: 0.158 Thread 0x0000020d0b5c9000 DEOPT UNPACKING pc=0x0000020d13d6a95e sp=0x000000ab380fd448 mode 0
Event: 0.162 Thread 0x0000020d0b5c9000 DEOPT PACKING pc=0x0000020d142e074b sp=0x000000ab380fa920
Event: 0.162 Thread 0x0000020d0b5c9000 DEOPT UNPACKING pc=0x0000020d13d6a95e sp=0x000000ab380f9df0 mode 0
Event: 0.162 Thread 0x0000020d0b5c9000 DEOPT PACKING pc=0x0000020d142e074b sp=0x000000ab380fa920
Event: 0.162 Thread 0x0000020d0b5c9000 DEOPT UNPACKING pc=0x0000020d13d6a95e sp=0x000000ab380f9df0 mode 0
Event: 0.163 Thread 0x0000020d0b5c9000 DEOPT PACKING pc=0x0000020d142e074b sp=0x000000ab380fa920
Event: 0.163 Thread 0x0000020d0b5c9000 DEOPT UNPACKING pc=0x0000020d13d6a95e sp=0x000000ab380f9df0 mode 0
Event: 0.439 Thread 0x0000020d0b5c9000 DEOPT PACKING pc=0x0000020d14318242 sp=0x000000ab380fc970
Event: 0.439 Thread 0x0000020d0b5c9000 DEOPT UNPACKING pc=0x0000020d13d6a95e sp=0x000000ab380fbdd8 mode 0
Event: 0.456 Thread 0x0000020d0b5c9000 DEOPT PACKING pc=0x0000020d1430b434 sp=0x000000ab380f92b0
Event: 0.456 Thread 0x0000020d0b5c9000 DEOPT UNPACKING pc=0x0000020d13d6a95e sp=0x000000ab380f8770 mode 1
Event: 0.524 Thread 0x0000020d0b5c9000 Uncommon trap: trap_request=0xffffff4d fr.pc=0x0000020d1b8151dc relative=0x000000000000003c
Event: 0.524 Thread 0x0000020d0b5c9000 Uncommon trap: reason=unstable_if action=reinterpret pc=0x0000020d1b8151dc method=sun.nio.fs.WindowsPathParser.isSlash(C)Z @ 9 c2
Event: 0.524 Thread 0x0000020d0b5c9000 DEOPT PACKING pc=0x0000020d1b8151dc sp=0x000000ab380fc0f0
Event: 0.524 Thread 0x0000020d0b5c9000 DEOPT UNPACKING pc=0x0000020d13d6a1af sp=0x000000ab380fc078 mode 2

Classes redefined (0 events):
No events

Internal exceptions (20 events):
Event: 0.553 Thread 0x0000020d0b5c9000 Exception <a 'java/lang/NoSuchMethodError'{0x000000070fd810c0}: 'java.lang.Object java.lang.invoke.Invokers$Holder.linkToTargetMethod(java.lang.Object, int, java.lang.Object)'> (0x000000070fd810c0) thrown at [./src/hotspot/share/interpreter/linkResolver.cpp, line 773]
Event: 0.555 Thread 0x0000020d0b5c9000 Exception <a 'java/lang/NoSuchMethodError'{0x000000070fd9a320}: 'int java.lang.invoke.DirectMethodHandle$Holder.invokeStaticInit(java.lang.Object, java.lang.Object, long, long)'> (0x000000070fd9a320) thrown at [./src/hotspot/share/interpreter/linkResolver.cpp, line 773]
Event: 0.556 Thread 0x0000020d0b5c9000 Exception <a 'java/lang/NoSuchMethodError'{0x000000070fda5d28}: 'java.lang.Object java.lang.invoke.Invokers$Holder.linkToTargetMethod(java.lang.Object, long, java.lang.Object)'> (0x000000070fda5d28) thrown at [./src/hotspot/share/interpreter/linkResolver.cpp, line 773]
Event: 0.556 Thread 0x0000020d0b5c9000 Exception <a 'java/lang/NoSuchMethodError'{0x000000070fdac308}: 'int java.lang.invoke.DirectMethodHandle$Holder.invokeStaticInit(java.lang.Object, java.lang.Object, java.lang.Object, long)'> (0x000000070fdac308) thrown at [./src/hotspot/share/interpreter/linkResolver.cpp, line 773]
Event: 0.562 Thread 0x0000020d0b5c9000 Exception <a 'java/security/PrivilegedActionException'{0x000000070fdfb108}> (0x000000070fdfb108) thrown at [./src/hotspot/share/prims/jvm.cpp, line 1306]
Event: 0.562 Thread 0x0000020d0b5c9000 Exception <a 'java/security/PrivilegedActionException'{0x000000070fdfb680}> (0x000000070fdfb680) thrown at [./src/hotspot/share/prims/jvm.cpp, line 1306]
Event: 0.562 Thread 0x0000020d0b5c9000 Exception <a 'java/security/PrivilegedActionException'{0x000000070fdfe368}> (0x000000070fdfe368) thrown at [./src/hotspot/share/prims/jvm.cpp, line 1306]
Event: 0.562 Thread 0x0000020d0b5c9000 Exception <a 'java/security/PrivilegedActionException'{0x000000070fdfe8e0}> (0x000000070fdfe8e0) thrown at [./src/hotspot/share/prims/jvm.cpp, line 1306]
Event: 0.563 Thread 0x0000020d0b5c9000 Exception <a 'java/security/PrivilegedActionException'{0x000000070fc00910}> (0x000000070fc00910) thrown at [./src/hotspot/share/prims/jvm.cpp, line 1306]
Event: 0.563 Thread 0x0000020d0b5c9000 Exception <a 'java/security/PrivilegedActionException'{0x000000070fc00e88}> (0x000000070fc00e88) thrown at [./src/hotspot/share/prims/jvm.cpp, line 1306]
Event: 0.563 Thread 0x0000020d0b5c9000 Exception <a 'java/security/PrivilegedActionException'{0x000000070fc03b70}> (0x000000070fc03b70) thrown at [./src/hotspot/share/prims/jvm.cpp, line 1306]
Event: 0.563 Thread 0x0000020d0b5c9000 Exception <a 'java/security/PrivilegedActionException'{0x000000070fc040e8}> (0x000000070fc040e8) thrown at [./src/hotspot/share/prims/jvm.cpp, line 1306]
Event: 0.563 Thread 0x0000020d0b5c9000 Exception <a 'java/security/PrivilegedActionException'{0x000000070fc06dd8}> (0x000000070fc06dd8) thrown at [./src/hotspot/share/prims/jvm.cpp, line 1306]
Event: 0.563 Thread 0x0000020d0b5c9000 Exception <a 'java/security/PrivilegedActionException'{0x000000070fc07350}> (0x000000070fc07350) thrown at [./src/hotspot/share/prims/jvm.cpp, line 1306]
Event: 0.563 Thread 0x0000020d0b5c9000 Exception <a 'java/security/PrivilegedActionException'{0x000000070fc0a040}> (0x000000070fc0a040) thrown at [./src/hotspot/share/prims/jvm.cpp, line 1306]
Event: 0.563 Thread 0x0000020d0b5c9000 Exception <a 'java/security/PrivilegedActionException'{0x000000070fc0a5b8}> (0x000000070fc0a5b8) thrown at [./src/hotspot/share/prims/jvm.cpp, line 1306]
Event: 0.563 Thread 0x0000020d0b5c9000 Exception <a 'java/security/PrivilegedActionException'{0x000000070fc0d2c0}> (0x000000070fc0d2c0) thrown at [./src/hotspot/share/prims/jvm.cpp, line 1306]
Event: 0.563 Thread 0x0000020d0b5c9000 Exception <a 'java/security/PrivilegedActionException'{0x000000070fc0d838}> (0x000000070fc0d838) thrown at [./src/hotspot/share/prims/jvm.cpp, line 1306]
Event: 0.563 Thread 0x0000020d0b5c9000 Exception <a 'java/security/PrivilegedActionException'{0x000000070fc10520}> (0x000000070fc10520) thrown at [./src/hotspot/share/prims/jvm.cpp, line 1306]
Event: 0.563 Thread 0x0000020d0b5c9000 Exception <a 'java/security/PrivilegedActionException'{0x000000070fc10a98}> (0x000000070fc10a98) thrown at [./src/hotspot/share/prims/jvm.cpp, line 1306]

Events (20 events):
Event: 0.567 loading class org/lwjgl/system/MemoryManage$DebugAllocator done
Event: 0.568 Loaded shared library C:\Program Files\QuorumStudioBlocks\Java\jdk\bin\zip.dll
Event: 0.569 loading class org/lwjgl/system/libc/LibCStdlib
Event: 0.569 loading class org/lwjgl/system/libc/LibCStdlib done
Event: 0.570 loading class org/lwjgl/opengl/GL$1
Event: 0.570 loading class org/lwjgl/opengl/GL$1 done
Event: 0.570 loading class org/lwjgl/system/SharedLibrary$Delegate
Event: 0.570 loading class org/lwjgl/system/SharedLibrary$Delegate done
Event: 0.571 loading class org/lwjgl/opengl/GL15C
Event: 0.571 loading class org/lwjgl/opengl/GL15C done
Event: 0.572 loading class org/lwjgl/opengl/GL14C
Event: 0.572 loading class org/lwjgl/opengl/GL14C done
Event: 0.572 loading class org/lwjgl/opengl/GL13C
Event: 0.572 loading class org/lwjgl/opengl/GL13C done
Event: 0.572 loading class org/lwjgl/opengl/GL12C
Event: 0.572 loading class org/lwjgl/opengl/GL12C done
Event: 0.573 loading class org/lwjgl/opengl/GL11C
Event: 0.573 loading class org/lwjgl/opengl/GL11C done
Event: 0.574 loading class org/lwjgl/system/libc/LibCString
Event: 0.574 loading class org/lwjgl/system/libc/LibCString done


Dynamic libraries:
0x00007ff6730b0000 - 0x00007ff6730bd000 	C:\Program Files\QuorumStudioBlocks\Java\jdk\bin\java.exe
0x00007ff97bed0000 - 0x00007ff97c0c8000 	C:\WINDOWS\SYSTEM32\ntdll.dll
0x00007ff97a620000 - 0x00007ff97a6df000 	C:\WINDOWS\System32\KERNEL32.DLL
0x00007ff9797a0000 - 0x00007ff979a96000 	C:\WINDOWS\System32\KERNELBASE.dll
0x00007ff979aa0000 - 0x00007ff979ba0000 	C:\WINDOWS\System32\ucrtbase.dll
0x00007ff971d80000 - 0x00007ff971d97000 	C:\Program Files\QuorumStudioBlocks\Java\jdk\bin\jli.dll
0x00007ff971df0000 - 0x00007ff971e05000 	C:\Program Files\QuorumStudioBlocks\Java\jdk\bin\VCRUNTIME140.dll
0x00007ff97ba00000 - 0x00007ff97bb9d000 	C:\WINDOWS\System32\USER32.dll
0x00007ff979cf0000 - 0x00007ff979d12000 	C:\WINDOWS\System32\win32u.dll
0x00007ff965b10000 - 0x00007ff965daa000 	C:\WINDOWS\WinSxS\amd64_microsoft.windows.common-controls_6595b64144ccf1df_6.0.19041.1110_none_60b5254171f9507e\COMCTL32.dll
0x00007ff97a4c0000 - 0x00007ff97a4ec000 	C:\WINDOWS\System32\GDI32.dll
0x00007ff979f30000 - 0x00007ff979fce000 	C:\WINDOWS\System32\msvcrt.dll
0x00007ff979bd0000 - 0x00007ff979ce5000 	C:\WINDOWS\System32\gdi32full.dll
0x00007ff979640000 - 0x00007ff9796dd000 	C:\WINDOWS\System32\msvcp_win.dll
0x00007ff97bc60000 - 0x00007ff97bc90000 	C:\WINDOWS\System32\IMM32.DLL
0x00007ff95d040000 - 0x00007ff95d0db000 	C:\Program Files\QuorumStudioBlocks\Java\jdk\bin\msvcp140.dll
0x00007ff940880000 - 0x00007ff9413fe000 	C:\Program Files\QuorumStudioBlocks\Java\jdk\bin\server\jvm.dll
0x00007ff97b8e0000 - 0x00007ff97b98f000 	C:\WINDOWS\System32\ADVAPI32.dll
0x00007ff97bba0000 - 0x00007ff97bc3c000 	C:\WINDOWS\System32\sechost.dll
0x00007ff97b7b0000 - 0x00007ff97b8d6000 	C:\WINDOWS\System32\RPCRT4.dll
0x00007ff979fd0000 - 0x00007ff979fd8000 	C:\WINDOWS\System32\PSAPI.DLL
0x00007ff95cd30000 - 0x00007ff95cd39000 	C:\WINDOWS\SYSTEM32\WSOCK32.dll
0x00007ff97b590000 - 0x00007ff97b5fb000 	C:\WINDOWS\System32\WS2_32.dll
0x00007ff972e30000 - 0x00007ff972e3a000 	C:\WINDOWS\SYSTEM32\VERSION.dll
0x00007ff96e5b0000 - 0x00007ff96e5d7000 	C:\WINDOWS\SYSTEM32\WINMM.dll
0x00007ff977440000 - 0x00007ff977452000 	C:\WINDOWS\SYSTEM32\kernel.appcore.dll
0x00007ff976ca0000 - 0x00007ff976cb0000 	C:\Program Files\QuorumStudioBlocks\Java\jdk\bin\verify.dll
0x00007ff972aa0000 - 0x00007ff972c84000 	C:\WINDOWS\SYSTEM32\DBGHELP.DLL
0x00007ff968000000 - 0x00007ff968034000 	C:\WINDOWS\SYSTEM32\dbgcore.DLL
0x00007ff9795b0000 - 0x00007ff979632000 	C:\WINDOWS\System32\bcryptPrimitives.dll
0x00007ff971cb0000 - 0x00007ff971cd8000 	C:\Program Files\QuorumStudioBlocks\Java\jdk\bin\java.dll
0x00007ff971d70000 - 0x00007ff971d7a000 	C:\Program Files\QuorumStudioBlocks\Java\jdk\bin\jimage.dll
0x00007ff971050000 - 0x00007ff971067000 	C:\Program Files\QuorumStudioBlocks\Java\jdk\bin\zip.dll
0x00007ff97ae40000 - 0x00007ff97b584000 	C:\WINDOWS\System32\SHELL32.dll
0x00007ff977640000 - 0x00007ff977dd3000 	C:\WINDOWS\SYSTEM32\windows.storage.dll
0x00007ff97a160000 - 0x00007ff97a4b4000 	C:\WINDOWS\System32\combase.dll
0x00007ff978f90000 - 0x00007ff978fbe000 	C:\WINDOWS\SYSTEM32\Wldp.dll
0x00007ff979fe0000 - 0x00007ff97a08d000 	C:\WINDOWS\System32\SHCORE.dll
0x00007ff97b990000 - 0x00007ff97b9e5000 	C:\WINDOWS\System32\shlwapi.dll
0x00007ff9794f0000 - 0x00007ff97950f000 	C:\WINDOWS\SYSTEM32\profapi.dll
0x00007ff970fe0000 - 0x00007ff970ff9000 	C:\Program Files\QuorumStudioBlocks\Java\jdk\bin\net.dll
0x00007ff970880000 - 0x00007ff97098a000 	C:\WINDOWS\SYSTEM32\WINHTTP.dll
0x00007ff978c30000 - 0x00007ff978c9a000 	C:\WINDOWS\system32\mswsock.dll
0x00007ff96c210000 - 0x00007ff96c222000 	C:\Program Files\QuorumStudioBlocks\Java\jdk\bin\nio.dll
0x00007ff957f40000 - 0x00007ff957fff000 	C:\Users\Bill\Documents\Repositories\example-games\BlockBreaker\Run\jni\libGameEngineCPlugins64.dll
0x00007ff95c310000 - 0x00007ff95c385000 	C:\Users\Bill\AppData\Local\Temp\lwjglBill\3.3.1-build-7\lwjgl.dll
0x00007ff953e10000 - 0x00007ff953e6d000 	C:\Users\Bill\AppData\Local\Temp\lwjglBill\3.3.1-build-7\lwjgl_opengl.dll
0x00007ff9386b0000 - 0x00007ff9387d5000 	C:\WINDOWS\SYSTEM32\opengl32.dll
0x00007ff9383d0000 - 0x00007ff9383fc000 	C:\WINDOWS\SYSTEM32\GLU32.dll

dbghelp: loaded successfully - version: 4.0.5 - missing functions: none
symbol engine: initialized successfully - sym options: 0x614 - pdb path: .;C:\Program Files\QuorumStudioBlocks\Java\jdk\bin;C:\WINDOWS\SYSTEM32;C:\WINDOWS\WinSxS\amd64_microsoft.windows.common-controls_6595b64144ccf1df_6.0.19041.1110_none_60b5254171f9507e;C:\Program Files\QuorumStudioBlocks\Java\jdk\bin\server;C:\Users\Bill\Documents\Repositories\example-games\BlockBreaker\Run\jni;C:\Users\Bill\AppData\Local\Temp\lwjglBill\3.3.1-build-7

VM Arguments:
jvm_args: -Dsodbeans=1 
java_command: C:\Users\Bill\Documents\Repositories\example-games\BlockBreaker/Run/Default.jar
java_class_path (initial): C:\Users\Bill\Documents\Repositories\example-games\BlockBreaker/Run/Default.jar
Launcher Type: SUN_STANDARD

[Global flags]
     intx CICompilerCount                          = 4                                         {product} {ergonomic}
     uint ConcGCThreads                            = 3                                         {product} {ergonomic}
     uint G1ConcRefinementThreads                  = 10                                        {product} {ergonomic}
   size_t G1HeapRegionSize                         = 1048576                                   {product} {ergonomic}
    uintx GCDrainStackTargetSize                   = 64                                        {product} {ergonomic}
   size_t InitialHeapSize                          = 268435456                                 {product} {ergonomic}
   size_t MarkStackSize                            = 4194304                                   {product} {ergonomic}
   size_t MaxHeapSize                              = 4278190080                                {product} {ergonomic}
   size_t MaxNewSize                               = 2566914048                                {product} {ergonomic}
   size_t MinHeapDeltaBytes                        = 1048576                                   {product} {ergonomic}
    uintx NonNMethodCodeHeapSize                   = 5836300                                {pd product} {ergonomic}
    uintx NonProfiledCodeHeapSize                  = 122910970                              {pd product} {ergonomic}
    uintx ProfiledCodeHeapSize                     = 122910970                              {pd product} {ergonomic}
    uintx ReservedCodeCacheSize                    = 251658240                              {pd product} {ergonomic}
     bool SegmentedCodeCache                       = true                                      {product} {ergonomic}
     bool UseCompressedClassPointers               = true                                 {lp64_product} {ergonomic}
     bool UseCompressedOops                        = true                                 {lp64_product} {ergonomic}
     bool UseG1GC                                  = true                                      {product} {ergonomic}
     bool UseLargePagesIndividualAllocation        = false                                  {pd product} {ergonomic}

Logging:
Log output configuration:
 #0: stdout all=warning uptime,level,tags
 #1: stderr all=off uptime,level,tags

Environment Variables:
JAVA_HOME=C:\Program Files\Eclipse Adoptium\jdk-17.0.7.7-hotspot\
PATH=C:\Program Files\Eclipse Adoptium\jdk-17.0.7.7-hotspot\bin;C:\Program Files (x86)\NVIDIA Corporation\PhysX\Common;C:\Program Files\AdoptOpenJDK\jre-11.0.11.9-hotspot\bin;C:\Python310\Scripts\;C:\Python310\;C:\Python39\Scripts\;C:\Python39\;C:\Program Files (x86)\Common Files\Oracle\Java\javapath;C:\WINDOWS\system32;C:\WINDOWS;C:\WINDOWS\System32\Wbem;C:\WINDOWS\System32\WindowsPowerShell\v1.0\;C:\WINDOWS\System32\OpenSSH\;C:\Program Files\dotnet\;C:\Program Files\CMake\bin;C:\Program Files\Ninja;C:\Program Files\Git\cmd;C:\ProgramData\chocolatey\bin;C:\Program Files\nodejs\;C:\Program Files\Meson\;C:\Program Files\Docker\Docker\resources\bin;C:\Users\Bill\AppData\Local\Programs\Python\Python310\Scripts\;C:\Users\Bill\AppData\Local\Programs\Python\Python310\;C:\Users\Bill\AppData\Local\Microsoft\WindowsApps;C:\Users\Bill\AppData\Roaming\npm;C:\Users\Bill\doctl;C:\Users\Bill\AppData\Local\Programs\Microsoft VS Code\bin;C:\Users\Bill\mingw64\bin;
USERNAME=Bill
OS=Windows_NT
PROCESSOR_IDENTIFIER=AMD64 Family 23 Model 113 Stepping 0, AuthenticAMD



---------------  S Y S T E M  ---------------

OS: Windows 10 , 64 bit Build 19041 (10.0.19041.3031)
OS uptime: 5 days 0:51 hours
Hyper-V role detected

CPU:total 12 (initial active 12) (12 cores per cpu, 2 threads per core) family 23 model 113 stepping 0 microcode 0x0, cmov, cx8, fxsr, mmx, sse, sse2, sse3, ssse3, sse4.1, sse4.2, popcnt, avx, avx2, aes, clmul, mmxext, 3dnowpref, lzcnt, sse4a, ht, tsc, tscinvbit, tscinv, bmi1, bmi2, adx, sha, fma

Memory: 4k page, system-wide physical 16315M (6744M free)
TotalPageFile size 39867M (AvailPageFile size 18616M)
current process WorkingSet (physical memory assigned to process): 78M, peak: 78M
current process commit charge ("private bytes"): 362M, peak: 362M

vm_info: OpenJDK 64-Bit Server VM (11.0.13+8) for windows-amd64 JRE (11.0.13+8), built on Oct 19 2021 17:05:59 by "" with unknown MS VC++:1916

END.
